#! /c/Source/iverilog-install/bin/vvp
:ivl_version "12.0 (devel)" "(s20150603-1539-g2693dd32b)";
:ivl_delay_selection "TYPICAL";
:vpi_time_precision - 12;
:vpi_module "C:\iverilog\lib\ivl\system.vpi";
:vpi_module "C:\iverilog\lib\ivl\vhdl_sys.vpi";
:vpi_module "C:\iverilog\lib\ivl\vhdl_textio.vpi";
:vpi_module "C:\iverilog\lib\ivl\v2005_math.vpi";
:vpi_module "C:\iverilog\lib\ivl\va_math.vpi";
S_00000241b6625a60 .scope module, "tb_mem" "tb_mem" 2 6;
 .timescale -9 -12;
P_00000241b6602ff0 .param/l "ADDR_WIDTH" 0 2 7, +C4<00000000000000000000000000001000>;
P_00000241b6603028 .param/l "DATA_WIDTH" 0 2 8, +C4<00000000000000000000000000001000>;
v00000241b66344c0_0 .var "addr", 7 0;
v00000241b6634560_0 .var "ce", 0 0;
v00000241b6634600_0 .var "clk", 0 0;
v00000241b66346a0_0 .var "din", 7 0;
v00000241b6634740_0 .net "dout", 7 0, v00000241b676d260_0;  1 drivers
v00000241b6684850_0 .var "oe", 0 0;
v00000241b66848f0_0 .var "we", 0 0;
S_00000241b676d0d0 .scope module, "dut" "simple_sram" 2 19, 3 1 0, S_00000241b6625a60;
 .timescale -12 -12;
    .port_info 0 /INPUT 1 "clk";
    .port_info 1 /INPUT 1 "ce";
    .port_info 2 /INPUT 1 "we";
    .port_info 3 /INPUT 1 "oe";
    .port_info 4 /INPUT 8 "addr";
    .port_info 5 /INPUT 8 "din";
    .port_info 6 /OUTPUT 8 "dout";
P_00000241b66349a0 .param/l "ADDR_WIDTH" 0 3 2, +C4<00000000000000000000000000001000>;
P_00000241b66349d8 .param/l "DATA_WIDTH" 0 3 3, +C4<00000000000000000000000000001000>;
v00000241b6602e80_0 .net "addr", 7 0, v00000241b66344c0_0;  1 drivers
v00000241b6602c70_0 .net "ce", 0 0, v00000241b6634560_0;  1 drivers
v00000241b6625bf0_0 .net "clk", 0 0, v00000241b6634600_0;  1 drivers
v00000241b6625c90_0 .net "din", 7 0, v00000241b66346a0_0;  1 drivers
v00000241b676d260_0 .var "dout", 7 0;
v00000241b676d300 .array "mem", 255 0, 7 0;
v00000241b676d3a0_0 .net "oe", 0 0, v00000241b6684850_0;  1 drivers
v00000241b676d440_0 .net "we", 0 0, v00000241b66848f0_0;  1 drivers
E_00000241b6627c40 .event posedge, v00000241b6625bf0_0;
    .scope S_00000241b676d0d0;
T_0 ;
    %wait E_00000241b6627c40;
    %load/vec4 v00000241b6602c70_0;
    %flag_set/vec4 8;
    %jmp/0xz  T_0.0, 8;
    %load/vec4 v00000241b676d440_0;
    %flag_set/vec4 8;
    %jmp/0xz  T_0.2, 8;
    %load/vec4 v00000241b6625c90_0;
    %load/vec4 v00000241b6602e80_0;
    %pad/u 10;
    %ix/vec4 3;
    %ix/load 4, 0, 0; Constant delay
    %assign/vec4/a/d v00000241b676d300, 0, 4;
T_0.2 ;
    %load/vec4 v00000241b676d3a0_0;
    %flag_set/vec4 8;
    %jmp/0xz  T_0.4, 8;
    %load/vec4 v00000241b6602e80_0;
    %pad/u 10;
    %ix/vec4 4;
    %load/vec4a v00000241b676d300, 4;
    %assign/vec4 v00000241b676d260_0, 0;
T_0.4 ;
T_0.0 ;
    %jmp T_0;
    .thread T_0;
    .scope S_00000241b6625a60;
T_1 ;
    %delay 5000, 0;
    %load/vec4 v00000241b6634600_0;
    %inv;
    %store/vec4 v00000241b6634600_0, 0, 1;
    %jmp T_1;
    .thread T_1;
    .scope S_00000241b6625a60;
T_2 ;
    %pushi/vec4 0, 0, 1;
    %store/vec4 v00000241b6634600_0, 0, 1;
    %pushi/vec4 0, 0, 1;
    %store/vec4 v00000241b6634560_0, 0, 1;
    %pushi/vec4 0, 0, 1;
    %store/vec4 v00000241b66848f0_0, 0, 1;
    %pushi/vec4 0, 0, 1;
    %store/vec4 v00000241b6684850_0, 0, 1;
    %pushi/vec4 0, 0, 8;
    %store/vec4 v00000241b66344c0_0, 0, 8;
    %pushi/vec4 0, 0, 8;
    %store/vec4 v00000241b66346a0_0, 0, 8;
    %delay 20000, 0;
    %vpi_call 2 40 "$display", "Starting WRITE test..." {0 0 0};
    %pushi/vec4 1, 0, 1;
    %store/vec4 v00000241b6634560_0, 0, 1;
    %pushi/vec4 1, 0, 1;
    %store/vec4 v00000241b66848f0_0, 0, 1;
    %pushi/vec4 0, 0, 1;
    %store/vec4 v00000241b6684850_0, 0, 1;
    %pushi/vec4 5, 0, 8;
    %store/vec4 v00000241b66344c0_0, 0, 8;
    %pushi/vec4 170, 0, 8;
    %store/vec4 v00000241b66346a0_0, 0, 8;
    %delay 10000, 0;
    %pushi/vec4 10, 0, 8;
    %store/vec4 v00000241b66344c0_0, 0, 8;
    %pushi/vec4 85, 0, 8;
    %store/vec4 v00000241b66346a0_0, 0, 8;
    %delay 10000, 0;
    %pushi/vec4 0, 0, 1;
    %store/vec4 v00000241b66848f0_0, 0, 1;
    %vpi_call 2 58 "$display", "Starting READ test..." {0 0 0};
    %pushi/vec4 1, 0, 1;
    %store/vec4 v00000241b6684850_0, 0, 1;
    %pushi/vec4 5, 0, 8;
    %store/vec4 v00000241b66344c0_0, 0, 8;
    %delay 10000, 0;
    %vpi_call 2 63 "$display", "Read Addr 0x05 = %h (Expected AA)", v00000241b6634740_0 {0 0 0};
    %pushi/vec4 10, 0, 8;
    %store/vec4 v00000241b66344c0_0, 0, 8;
    %delay 10000, 0;
    %vpi_call 2 67 "$display", "Read Addr 0x0A = %h (Expected 55)", v00000241b6634740_0 {0 0 0};
    %vpi_call 2 72 "$display", "Testing Write + Read same cycle..." {0 0 0};
    %pushi/vec4 1, 0, 1;
    %store/vec4 v00000241b66848f0_0, 0, 1;
    %pushi/vec4 5, 0, 8;
    %store/vec4 v00000241b66344c0_0, 0, 8;
    %pushi/vec4 255, 0, 8;
    %store/vec4 v00000241b66346a0_0, 0, 8;
    %delay 10000, 0;
    %pushi/vec4 0, 0, 1;
    %store/vec4 v00000241b66848f0_0, 0, 1;
    %delay 10000, 0;
    %vpi_call 2 80 "$display", "Read Addr 0x05 = %h (Expected FF)", v00000241b6634740_0 {0 0 0};
    %delay 20000, 0;
    %vpi_call 2 84 "$display", "Simulation finished." {0 0 0};
    %vpi_call 2 85 "$stop" {0 0 0};
    %end;
    .thread T_2;
# The file index is used to find the file name in the following table.
:file_names 4;
    "N/A";
    "<interactive>";
    "tb_mem.v";
    "./mem.v";
